# JRE version: OpenJDK Runtime Environment Corretto-11.0.17.8.1 (11.0.17+8) (build 11.0.17+8-LTS)
# Java VM: OpenJDK 64-Bit Server VM Corretto-11.0.17.8.1 (11.0.17+8-LTS, mixed mode, tiered, compressed oops, g1 gc, windows-amd64)
Heap:
 garbage-first heap   total 95232K, used 60868K [0x00000000c1000000, 0x0000000100000000)
  region size 1024K, 25 young (25600K), 5 survivors (5120K)
 Metaspace       used 36485K, capacity 37372K, committed 37504K, reserved 1083392K
  class space    used 3830K, capacity 4133K, committed 4224K, reserved 1048576K
GC Heap History (20 events):
Event: 2.131 GC heap before
{Heap before GC invocations=3 (full 0):
 garbage-first heap   total 65536K, used 33625K [0x00000000c1000000, 0x0000000100000000)
  region size 1024K, 30 young (30720K), 2 survivors (2048K)
 Metaspace       used 20168K, capacity 20588K, committed 20736K, reserved 1067008K
  class space    used 2123K, capacity 2246K, committed 2304K, reserved 1048576K
}
Event: 2.141 GC heap after
{Heap after GC invocations=4 (full 0):
 garbage-first heap   total 65536K, used 8922K [0x00000000c1000000, 0x0000000100000000)
  region size 1024K, 4 young (4096K), 4 survivors (4096K)
 Metaspace       used 20168K, capacity 20588K, committed 20736K, reserved 1067008K
  class space    used 2123K, capacity 2246K, committed 2304K, reserved 1048576K
}
Event: 2.302 GC heap before
{Heap before GC invocations=4 (full 0):
 garbage-first heap   total 65536K, used 15066K [0x00000000c1000000, 0x0000000100000000)
  region size 1024K, 11 young (11264K), 4 survivors (4096K)
 Metaspace       used 20807K, capacity 21214K, committed 21248K, reserved 1069056K
  class space    used 2179K, capacity 2280K, committed 2304K, reserved 1048576K
}
Event: 2.314 GC heap after
{Heap after GC invocations=5 (full 0):
 garbage-first heap   total 78848K, used 10120K [0x00000000c1000000, 0x0000000100000000)
  region size 1024K, 4 young (4096K), 4 survivors (4096K)
 Metaspace       used 20807K, capacity 21214K, committed 21248K, reserved 1069056K
  class space    used 2179K, capacity 2280K, committed 2304K, reserved 1048576K
}
Event: 2.713 GC heap before
{Heap before GC invocations=6 (full 0):
 garbage-first heap   total 78848K, used 37768K [0x00000000c1000000, 0x0000000100000000)
  region size 1024K, 31 young (31744K), 4 survivors (4096K)
 Metaspace       used 21413K, capacity 21807K, committed 21888K, reserved 1069056K
  class space    used 2236K, capacity 2352K, committed 2432K, reserved 1048576K
}
Event: 2.722 GC heap after
{Heap after GC invocations=7 (full 0):
 garbage-first heap   total 78848K, used 11524K [0x00000000c1000000, 0x0000000100000000)
  region size 1024K, 3 young (3072K), 3 survivors (3072K)
 Metaspace       used 21413K, capacity 21807K, committed 21888K, reserved 1069056K
  class space    used 2236K, capacity 2352K, committed 2432K, reserved 1048576K
}
Event: 3.643 GC heap before
{Heap before GC invocations=7 (full 0):
 garbage-first heap   total 78848K, used 41220K [0x00000000c1000000, 0x0000000100000000)
  region size 1024K, 32 young (32768K), 3 survivors (3072K)
 Metaspace       used 30215K, capacity 30820K, committed 30848K, reserved 1077248K
  class space    used 3232K, capacity 3452K, committed 3456K, reserved 1048576K
}
Event: 3.653 GC heap after
{Heap after GC invocations=8 (full 0):
 garbage-first heap   total 78848K, used 16813K [0x00000000c1000000, 0x0000000100000000)
  region size 1024K, 4 young (4096K), 4 survivors (4096K)
 Metaspace       used 30215K, capacity 30820K, committed 30848K, reserved 1077248K
  class space    used 3232K, capacity 3452K, committed 3456K, reserved 1048576K
}
Event: 4.024 GC heap before
{Heap before GC invocations=8 (full 0):
 garbage-first heap   total 78848K, used 46509K [0x00000000c1000000, 0x0000000100000000)
  region size 1024K, 33 young (33792K), 4 survivors (4096K)
 Metaspace       used 31701K, capacity 32242K, committed 32512K, reserved 1079296K
  class space    used 3364K, capacity 3562K, committed 3584K, reserved 1048576K
}
Event: 4.032 GC heap after
{Heap after GC invocations=9 (full 0):
 garbage-first heap   total 78848K, used 19030K [0x00000000c1000000, 0x0000000100000000)
  region size 1024K, 3 young (3072K), 3 survivors (3072K)
 Metaspace       used 31701K, capacity 32242K, committed 32512K, reserved 1079296K
  class space    used 3364K, capacity 3562K, committed 3584K, reserved 1048576K
}
Event: 4.409 GC heap before
{Heap before GC invocations=9 (full 0):
 garbage-first heap   total 78848K, used 48726K [0x00000000c1000000, 0x0000000100000000)
  region size 1024K, 32 young (32768K), 3 survivors (3072K)
 Metaspace       used 32824K, capacity 33493K, committed 33664K, reserved 1079296K
  class space    used 3440K, capacity 3699K, committed 3712K, reserved 1048576K
}
Event: 4.416 GC heap after
{Heap after GC invocations=10 (full 0):
 garbage-first heap   total 95232K, used 21095K [0x00000000c1000000, 0x0000000100000000)
  region size 1024K, 2 young (2048K), 2 survivors (2048K)
 Metaspace       used 32824K, capacity 33493K, committed 33664K, reserved 1079296K
  class space    used 3440K, capacity 3699K, committed 3712K, reserved 1048576K
}
Event: 4.760 GC heap before
{Heap before GC invocations=10 (full 0):
 garbage-first heap   total 95232K, used 65127K [0x00000000c1000000, 0x0000000100000000)
  region size 1024K, 25 young (25600K), 2 survivors (2048K)
 Metaspace       used 34636K, capacity 35412K, committed 35584K, reserved 1081344K
  class space    used 3679K, capacity 3975K, committed 4096K, reserved 1048576K
}
Event: 4.765 GC heap after
{Heap after GC invocations=11 (full 0):
 garbage-first heap   total 95232K, used 44025K [0x00000000c1000000, 0x0000000100000000)
  region size 1024K, 4 young (4096K), 4 survivors (4096K)
 Metaspace       used 34636K, capacity 35412K, committed 35584K, reserved 1081344K
  class space    used 3679K, capacity 3975K, committed 4096K, reserved 1048576K
}
Event: 5.061 GC heap before
{Heap before GC invocations=12 (full 0):
 garbage-first heap   total 95232K, used 71673K [0x00000000c1000000, 0x0000000100000000)
  region size 1024K, 29 young (29696K), 4 survivors (4096K)
 Metaspace       used 34976K, capacity 35746K, committed 36096K, reserved 1081344K
  class space    used 3702K, capacity 3979K, committed 4096K, reserved 1048576K
}
Event: 5.072 GC heap after
{Heap after GC invocations=13 (full 0):
 garbage-first heap   total 95232K, used 24414K [0x00000000c1000000, 0x0000000100000000)
  region size 1024K, 4 young (4096K), 4 survivors (4096K)
 Metaspace       used 34976K, capacity 35746K, committed 36096K, reserved 1081344K
  class space    used 3702K, capacity 3979K, committed 4096K, reserved 1048576K
}
Event: 5.984 GC heap before
{Heap before GC invocations=14 (full 0):
 garbage-first heap   total 95232K, used 61278K [0x00000000c1000000, 0x0000000100000000)
  region size 1024K, 39 young (39936K), 4 survivors (4096K)
 Metaspace       used 35277K, capacity 36105K, committed 36352K, reserved 1081344K
  class space    used 3713K, capacity 3989K, committed 4096K, reserved 1048576K
}
Event: 5.994 GC heap after
{Heap after GC invocations=15 (full 0):
 garbage-first heap   total 95232K, used 32640K [0x00000000c1000000, 0x0000000100000000)
  region size 1024K, 5 young (5120K), 5 survivors (5120K)
 Metaspace       used 35277K, capacity 36105K, committed 36352K, reserved 1081344K
  class space    used 3713K, capacity 3989K, committed 4096K, reserved 1048576K
}
Event: 6.412 GC heap before
{Heap before GC invocations=15 (full 0):
 garbage-first heap   total 95232K, used 65408K [0x00000000c1000000, 0x0000000100000000)
  region size 1024K, 36 young (36864K), 5 survivors (5120K)
 Metaspace       used 35591K, capacity 36373K, committed 36608K, reserved 1081344K
  class space    used 3719K, capacity 3991K, committed 4096K, reserved 1048576K
}
Event: 6.425 GC heap after
{Heap after GC invocations=16 (full 0):
 garbage-first heap   total 95232K, used 40388K [0x00000000c1000000, 0x0000000100000000)
  region size 1024K, 5 young (5120K), 5 survivors (5120K)
 Metaspace       used 35591K, capacity 36373K, committed 36608K, reserved 1081344K
  class space    used 3719K, capacity 3991K, committed 4096K, reserved 1048576K
}

