# JRE version: OpenJDK Runtime Environment Corretto-11.0.17.8.1 (11.0.17+8) (build 11.0.17+8-LTS)
# Java VM: OpenJDK 64-Bit Server VM Corretto-11.0.17.8.1 (11.0.17+8-LTS, mixed mode, tiered, compressed oops, g1 gc, windows-amd64)
Heap:
 garbage-first heap   total 95232K, used 86910K [0x00000000c1000000, 0x0000000100000000)
  region size 1024K, 24 young (24576K), 3 survivors (3072K)
 Metaspace       used 39255K, capacity 40259K, committed 40316K, reserved 1085440K
  class space    used 4116K, capacity 4463K, committed 4480K, reserved 1048576K
GC Heap History (20 events):
Event: 4.678 GC heap before
{Heap before GC invocations=8 (full 0):
 garbage-first heap   total 78848K, used 46246K [0x00000000c1000000, 0x0000000100000000)
  region size 1024K, 35 young (35840K), 5 survivors (5120K)
 Metaspace       used 31657K, capacity 32242K, committed 32508K, reserved 1079296K
  class space    used 3364K, capacity 3562K, committed 3584K, reserved 1048576K
}
Event: 4.685 GC heap after
{Heap after GC invocations=9 (full 0):
 garbage-first heap   total 78848K, used 16739K [0x00000000c1000000, 0x0000000100000000)
  region size 1024K, 3 young (3072K), 3 survivors (3072K)
 Metaspace       used 31657K, capacity 32242K, committed 32508K, reserved 1079296K
  class space    used 3364K, capacity 3562K, committed 3584K, reserved 1048576K
}
Event: 5.073 GC heap before
{Heap before GC invocations=9 (full 0):
 garbage-first heap   total 78848K, used 48483K [0x00000000c1000000, 0x0000000100000000)
  region size 1024K, 34 young (34816K), 3 survivors (3072K)
 Metaspace       used 32813K, capacity 33493K, committed 33660K, reserved 1079296K
  class space    used 3441K, capacity 3699K, committed 3712K, reserved 1048576K
}
Event: 5.078 GC heap after
{Heap after GC invocations=10 (full 0):
 garbage-first heap   total 78848K, used 17823K [0x00000000c1000000, 0x0000000100000000)
  region size 1024K, 4 young (4096K), 4 survivors (4096K)
 Metaspace       used 32813K, capacity 33493K, committed 33660K, reserved 1079296K
  class space    used 3441K, capacity 3699K, committed 3712K, reserved 1048576K
}
Event: 5.706 GC heap before
{Heap before GC invocations=10 (full 0):
 garbage-first heap   total 78848K, used 60831K [0x00000000c1000000, 0x0000000100000000)
  region size 1024K, 26 young (26624K), 4 survivors (4096K)
 Metaspace       used 34684K, capacity 35478K, committed 35836K, reserved 1081344K
  class space    used 3682K, capacity 3975K, committed 4096K, reserved 1048576K
}
Event: 5.711 GC heap after
{Heap after GC invocations=11 (full 0):
 garbage-first heap   total 78848K, used 41153K [0x00000000c1000000, 0x0000000100000000)
  region size 1024K, 4 young (4096K), 4 survivors (4096K)
 Metaspace       used 34684K, capacity 35478K, committed 35836K, reserved 1081344K
  class space    used 3682K, capacity 3975K, committed 4096K, reserved 1048576K
}
Event: 5.943 GC heap before
{Heap before GC invocations=12 (full 0):
 garbage-first heap   total 78848K, used 63681K [0x00000000c1000000, 0x0000000100000000)
  region size 1024K, 23 young (23552K), 4 survivors (4096K)
 Metaspace       used 34914K, capacity 35747K, committed 36092K, reserved 1081344K
  class space    used 3703K, capacity 3979K, committed 4096K, reserved 1048576K
}
Event: 5.947 GC heap after
{Heap after GC invocations=13 (full 0):
 garbage-first heap   total 78848K, used 21019K [0x00000000c1000000, 0x0000000100000000)
  region size 1024K, 2 young (2048K), 2 survivors (2048K)
 Metaspace       used 34914K, capacity 35747K, committed 36092K, reserved 1081344K
  class space    used 3703K, capacity 3979K, committed 4096K, reserved 1048576K
}
Event: 6.701 GC heap before
{Heap before GC invocations=13 (full 0):
 garbage-first heap   total 78848K, used 52763K [0x00000000c1000000, 0x0000000100000000)
  region size 1024K, 32 young (32768K), 2 survivors (2048K)
 Metaspace       used 35245K, capacity 36040K, committed 36348K, reserved 1081344K
  class space    used 3714K, capacity 3989K, committed 4096K, reserved 1048576K
}
Event: 6.707 GC heap after
{Heap after GC invocations=14 (full 0):
 garbage-first heap   total 78848K, used 26099K [0x00000000c1000000, 0x0000000100000000)
  region size 1024K, 4 young (4096K), 4 survivors (4096K)
 Metaspace       used 35245K, capacity 36040K, committed 36348K, reserved 1081344K
  class space    used 3714K, capacity 3989K, committed 4096K, reserved 1048576K
}
Event: 7.235 GC heap before
{Heap before GC invocations=14 (full 0):
 garbage-first heap   total 78848K, used 54771K [0x00000000c1000000, 0x0000000100000000)
  region size 1024K, 31 young (31744K), 4 survivors (4096K)
 Metaspace       used 35303K, capacity 36104K, committed 36348K, reserved 1081344K
  class space    used 3714K, capacity 3989K, committed 4096K, reserved 1048576K
}
Event: 7.244 GC heap after
{Heap after GC invocations=15 (full 0):
 garbage-first heap   total 78848K, used 34608K [0x00000000c1000000, 0x0000000100000000)
  region size 1024K, 4 young (4096K), 4 survivors (4096K)
 Metaspace       used 35303K, capacity 36104K, committed 36348K, reserved 1081344K
  class space    used 3714K, capacity 3989K, committed 4096K, reserved 1048576K
}
Event: 7.512 GC heap before
{Heap before GC invocations=15 (full 0):
 garbage-first heap   total 78848K, used 57136K [0x00000000c1000000, 0x0000000100000000)
  region size 1024K, 26 young (26624K), 4 survivors (4096K)
 Metaspace       used 35998K, capacity 36857K, committed 37116K, reserved 1083392K
  class space    used 3763K, capacity 4068K, committed 4096K, reserved 1048576K
}
Event: 7.520 GC heap after
{Heap after GC invocations=16 (full 0):
 garbage-first heap   total 78848K, used 40424K [0x00000000c1000000, 0x0000000100000000)
  region size 1024K, 4 young (4096K), 4 survivors (4096K)
 Metaspace       used 35998K, capacity 36857K, committed 37116K, reserved 1083392K
  class space    used 3763K, capacity 4068K, committed 4096K, reserved 1048576K
}
Event: 7.769 GC heap before
{Heap before GC invocations=16 (full 0):
 garbage-first heap   total 78848K, used 57832K [0x00000000c1000000, 0x0000000100000000)
  region size 1024K, 22 young (22528K), 4 survivors (4096K)
 Metaspace       used 36865K, capacity 37660K, committed 37756K, reserved 1083392K
  class space    used 3868K, capacity 4165K, committed 4224K, reserved 1048576K
}
Event: 7.774 GC heap after
{Heap after GC invocations=17 (full 0):
 garbage-first heap   total 95232K, used 41441K [0x00000000c1000000, 0x0000000100000000)
  region size 1024K, 1 young (1024K), 1 survivors (1024K)
 Metaspace       used 36865K, capacity 37660K, committed 37756K, reserved 1083392K
  class space    used 3868K, capacity 4165K, committed 4224K, reserved 1048576K
}
Event: 8.007 GC heap before
{Heap before GC invocations=18 (full 0):
 garbage-first heap   total 95232K, used 64993K [0x00000000c1000000, 0x0000000100000000)
  region size 1024K, 25 young (25600K), 1 survivors (1024K)
 Metaspace       used 37887K, capacity 38819K, committed 38908K, reserved 1083392K
  class space    used 3982K, capacity 4284K, committed 4352K, reserved 1048576K
}
Event: 8.010 GC heap after
{Heap after GC invocations=19 (full 0):
 garbage-first heap   total 95232K, used 41568K [0x00000000c1000000, 0x0000000100000000)
  region size 1024K, 1 young (1024K), 1 survivors (1024K)
 Metaspace       used 37887K, capacity 38819K, committed 38908K, reserved 1083392K
  class space    used 3982K, capacity 4284K, committed 4352K, reserved 1048576K
}
Event: 8.419 GC heap before
{Heap before GC invocations=19 (full 0):
 garbage-first heap   total 95232K, used 63072K [0x00000000c1000000, 0x0000000100000000)
  region size 1024K, 22 young (22528K), 1 survivors (1024K)
 Metaspace       used 39086K, capacity 40005K, committed 40316K, reserved 1085440K
  class space    used 4106K, capacity 4421K, committed 4480K, reserved 1048576K
}
Event: 8.424 GC heap after
{Heap after GC invocations=20 (full 0):
 garbage-first heap   total 95232K, used 42878K [0x00000000c1000000, 0x0000000100000000)
  region size 1024K, 3 young (3072K), 3 survivors (3072K)
 Metaspace       used 39086K, capacity 40005K, committed 40316K, reserved 1085440K
  class space    used 4106K, capacity 4421K, committed 4480K, reserved 1048576K
}

